<?xml version="1.0" encoding="UTF-8" ?>
<testsuites>
 <testsuite name="Chache" timestamp="2016-05-21T03:13:50" hostname="localhost" time="11.263" errors="0" tests="1" skipped="0" disabled="0" failures="0">
  <testcase classname="Chache" name="can be cleared in admin" time="11.252" />
 </testsuite>
</testsuites>