<?xml version="1.0" encoding="UTF-8" ?>
<testsuites>
 <testsuite name="Admin" timestamp="2016-05-22T23:21:08" hostname="localhost" time="9.207" errors="0" tests="1" skipped="0" disabled="0" failures="0">
  <testcase classname="Admin" name="frontend login successful" time="9.196" />
 </testsuite>
 <testsuite name="Chache" timestamp="2016-05-22T23:21:18" hostname="localhost" time="10.371" errors="0" tests="1" skipped="0" disabled="0" failures="0">
  <testcase classname="Chache" name="can be cleared in admin" time="10.367" />
 </testsuite>
 <testsuite name="Adding product to cart" timestamp="2016-05-22T23:21:28" hostname="localhost" time="10.821" errors="0" tests="3" skipped="0" disabled="0" failures="0">
  <testcase classname="Adding product to cart" name="page loads" time="10.808" />
  <testcase classname="Adding product to cart" name="item is in cart" time="0.002" />
  <testcase classname="Adding product to cart" name="mini cart count updates" time="0.006" />
 </testsuite>
 <testsuite name="Crawler" timestamp="2016-05-22T23:21:39" hostname="localhost" time="8.702" errors="0" tests="2" skipped="0" disabled="0" failures="0">
  <testcase classname="Crawler" name="enough links scraped from homepage" time="2.131" />
  <testcase classname="Crawler" name="yields no 404 from any links" time="6.571" />
 </testsuite>
 <testsuite name="Style guide" timestamp="2016-05-22T23:21:47" hostname="localhost" time="20.017" errors="0" tests="2" skipped="0" disabled="0" failures="2">
  <testcase classname="Style guide" name="link styles retrieved from style guide" time="10.011">
   <failure type="exception" message="Error: Timeout - Async callback was not invoked within timeout specified by jasmine.DEFAULT_TIMEOUT_INTERVAL."><![CDATA[Error: Timeout - Async callback was not invoked within timeout specified by jasmine.DEFAULT_TIMEOUT_INTERVAL.
    at null._onTimeout (/www/octo-umbrella/src/node_modules/jasmine-core/lib/jasmine-core/jasmine.js:1909:23)
    at Timer.listOnTimeout (timers.js:92:15)]]>
   </failure>
  </testcase>
  <testcase classname="Style guide" name="links from page follow style guide" time="10.005">
   <failure type="exception" message="Error: Timeout - Async callback was not invoked within timeout specified by jasmine.DEFAULT_TIMEOUT_INTERVAL."><![CDATA[Error: Timeout - Async callback was not invoked within timeout specified by jasmine.DEFAULT_TIMEOUT_INTERVAL.
    at null._onTimeout (/www/octo-umbrella/src/node_modules/jasmine-core/lib/jasmine-core/jasmine.js:1909:23)
    at Timer.listOnTimeout (timers.js:92:15)]]>
   </failure>
  </testcase>
 </testsuite>
 <testsuite name="User" timestamp="2016-05-22T23:22:07" hostname="localhost" time="9.466" errors="0" tests="1" skipped="0" disabled="0" failures="0">
  <testcase classname="User" name="is able to log into store front end" time="9.462" />
 </testsuite>
</testsuites>