<?xml version="1.0" encoding="UTF-8" ?>
<testsuites>
 <testsuite name="Adding" timestamp="2016-05-18T18:25:02" hostname="localhost" time="15.02" errors="0" tests="1" skipped="0" disabled="0" failures="1">
  <testcase classname="Adding" name="simple product to cart" time="15.018">
   <failure type="exception" message="Error: Timeout - Async callback was not invoked within timeout specified by jasmine.DEFAULT_TIMEOUT_INTERVAL."><![CDATA[Error: Timeout - Async callback was not invoked within timeout specified by jasmine.DEFAULT_TIMEOUT_INTERVAL.
    at null._onTimeout (/www/octo-umbrella/src/node_modules/jasmine-core/lib/jasmine-core/jasmine.js:1909:23)
    at Timer.listOnTimeout (timers.js:92:15)]]>
   </failure>
  </testcase>
 </testsuite>
</testsuites>