<?xml version="1.0" encoding="UTF-8" ?>
<testsuites>
 <testsuite name="Admin" timestamp="2016-05-24T17:04:24" hostname="localhost" time="6.045" errors="0" tests="1" skipped="0" disabled="0" failures="0">
  <testcase classname="Admin" name="frontend login successful" time="6.035" />
 </testsuite>
 <testsuite name="Chache" timestamp="2016-05-24T17:04:30" hostname="localhost" time="8.069" errors="0" tests="1" skipped="0" disabled="0" failures="0">
  <testcase classname="Chache" name="can be cleared in admin" time="8.065" />
 </testsuite>
 <testsuite name="Adding product to cart" timestamp="2016-05-24T17:04:38" hostname="localhost" time="8.312" errors="0" tests="3" skipped="0" disabled="0" failures="0">
  <testcase classname="Adding product to cart" name="page loads" time="8.299" />
  <testcase classname="Adding product to cart" name="item is in cart" time="0.002" />
  <testcase classname="Adding product to cart" name="mini cart count updates" time="0.007" />
 </testsuite>
 <testsuite name="Crawler" timestamp="2016-05-24T17:04:46" hostname="localhost" time="5.652" errors="0" tests="2" skipped="0" disabled="0" failures="0">
  <testcase classname="Crawler" name="enough links scraped from homepage" time="1.939" />
  <testcase classname="Crawler" name="yields no 404 from any links" time="3.713" />
 </testsuite>
 <testsuite name="Style guide" timestamp="2016-05-24T17:04:52" hostname="localhost" time="2.989" errors="0" tests="2" skipped="0" disabled="0" failures="0">
  <testcase classname="Style guide" name="link styles retrieved from style guide" time="1.439" />
  <testcase classname="Style guide" name="links from page follow style guide" time="1.549" />
 </testsuite>
 <testsuite name="User" timestamp="2016-05-24T17:04:55" hostname="localhost" time="7.349" errors="0" tests="1" skipped="0" disabled="0" failures="0">
  <testcase classname="User" name="is able to log into store front end" time="7.345" />
 </testsuite>
</testsuites>