<?xml version="1.0" encoding="UTF-8" ?>
<testsuites>
 <testsuite name="Loading" timestamp="2016-05-30T15:04:34" hostname="localhost" time="6.983" errors="0" tests="6" skipped="0" disabled="0" failures="0">
  <testcase classname="Loading" name="homepage" time="0.819" />
  <testcase classname="Loading" name="admin" time="0.684" />
  <testcase classname="Loading" name="login page" time="1.398" />
  <testcase classname="Loading" name="category page" time="1.73" />
  <testcase classname="Loading" name="product page" time="0.908" />
  <testcase classname="Loading" name="cart page" time="1.443" />
 </testsuite>
</testsuites>