<?xml version="1.0" encoding="UTF-8" ?>
<testsuites>
 <testsuite name="Loading" timestamp="2016-05-30T16:54:42" hostname="localhost" time="6.627" errors="0" tests="6" skipped="0" disabled="0" failures="0">
  <testcase classname="Loading" name="homepage" time="0.861" />
  <testcase classname="Loading" name="admin" time="0.531" />
  <testcase classname="Loading" name="login page" time="1.369" />
  <testcase classname="Loading" name="category page" time="1.764" />
  <testcase classname="Loading" name="product page" time="0.917" />
  <testcase classname="Loading" name="cart page" time="1.183" />
 </testsuite>
</testsuites>