<?xml version="1.0" encoding="UTF-8" ?>
<testsuites>
 <testsuite name="Loading" timestamp="2016-05-29T01:16:21" hostname="localhost" time="6.662" errors="0" tests="6" skipped="0" disabled="0" failures="0">
  <testcase classname="Loading" name="homepage" time="0.845" />
  <testcase classname="Loading" name="admin" time="0.418" />
  <testcase classname="Loading" name="login page" time="1.337" />
  <testcase classname="Loading" name="category page" time="1.902" />
  <testcase classname="Loading" name="product page" time="0.855" />
  <testcase classname="Loading" name="cart page" time="1.304" />
 </testsuite>
 <testsuite name="Loading" timestamp="2016-05-29T01:16:28" hostname="localhost" time="0.001" errors="0" tests="2" skipped="2" disabled="0" failures="0">
  <testcase classname="Loading" name="staging homepage" time="0">
   <skipped />
  </testcase>
  <testcase classname="Loading" name="staging admin" time="0">
   <skipped />
  </testcase>
 </testsuite>
</testsuites>