<?xml version="1.0" encoding="UTF-8" ?>
<testsuites>
 <testsuite name="Brand Manager" timestamp="2016-05-17T18:50:40" hostname="localhost" time="33.081" errors="0" tests="6" skipped="0" disabled="0" failures="0">
  <testcase classname="Brand Manager" name="disabled and cache cleared" time="10.872" />
  <testcase classname="Brand Manager" name="carousel does not display when disabled" time="3.774" />
  <testcase classname="Brand Manager" name="enabled and cache cleared" time="12.162" />
  <testcase classname="Brand Manager" name="carousel displays with at least 5 brands" time="3.521" />
  <testcase classname="Brand Manager" name="image resources available" time="1.43" />
  <testcase classname="Brand Manager" name="carousel dimensions maintained" time="1.32" />
 </testsuite>
 <testsuite name="Mobile carousel" timestamp="2016-05-17T18:51:13" hostname="localhost" time="1.22" errors="0" tests="1" skipped="0" disabled="0" failures="0">
  <testcase classname="Mobile carousel" name="single brand displays in brand manager if enabled" time="1.219" />
 </testsuite>
 <testsuite name="Homepage" timestamp="2016-05-17T18:51:14" hostname="localhost" time="9.732" errors="0" tests="4" skipped="0" disabled="0" failures="0">
  <testcase classname="Homepage" name="all carousels display" time="1.425" />
  <testcase classname="Homepage" name="sliders contain enough active items" time="5.369" />
  <testcase classname="Homepage" name="all image resources available" time="1.54" />
  <testcase classname="Homepage" name="all callout blocks display" time="1.398" />
 </testsuite>
 <testsuite name="Mobile homepage" timestamp="2016-05-17T18:51:24" hostname="localhost" time="7.713" errors="0" tests="2" skipped="0" disabled="0" failures="0">
  <testcase classname="Mobile homepage" name="one owl item displays per slider" time="6.321" />
  <testcase classname="Mobile homepage" name="all callout blocks display" time="1.392" />
 </testsuite>
 <testsuite name="Product Badges" timestamp="2016-05-17T18:51:31" hostname="localhost" time="25.887" errors="0" tests="4" skipped="0" disabled="0" failures="0">
  <testcase classname="Product Badges" name="disabled and cache cleared" time="13.621" />
  <testcase classname="Product Badges" name="do not display in product page" time="3.504" />
  <testcase classname="Product Badges" name="do not display in category page" time="2.189" />
  <testcase classname="Product Badges" name="do not display in cart" time="6.572" />
 </testsuite>
 <testsuite name="Product Badges" timestamp="2016-05-17T18:51:57" hostname="localhost" time="25.149" errors="0" tests="4" skipped="0" disabled="0" failures="0">
  <testcase classname="Product Badges" name="enabled and cache cleared" time="13.407" />
  <testcase classname="Product Badges" name="display in product page" time="3.031" />
  <testcase classname="Product Badges" name="display in category page" time="2.324" />
  <testcase classname="Product Badges" name="display in cart" time="6.385" />
 </testsuite>
</testsuites>